<?xml version="1.0" encoding="UTF-8"?>
<!-- Generated by org.testng.reporters.JUnitReportReporter -->
<testsuite skipped="0" hostname="Syeds-Air.attlocal.net" name="selenium.test.nexxvali.PracticeDynamicXpath" tests="1" failures="0" timestamp="30 Mar 2022 17:32:43 GMT" time="15.094" errors="0">
  <testcase name="testDynamicXpath" time="15.094" classname="selenium.test.nexxvali.PracticeDynamicXpath"/>
</testsuite> <!-- selenium.test.nexxvali.PracticeDynamicXpath -->
