<?xml version="1.0" encoding="UTF-8"?>
<!-- Generated by org.testng.reporters.JUnitReportReporter -->
<testsuite skipped="0" hostname="Syeds-Air.attlocal.net" name="selenium.test.nexxvali.FunWithTestNgAnnogations" tests="1" failures="0" timestamp="14 Apr 2022 19:57:46 GMT" time="2.862" errors="0">
  <testcase name="clickOnAboutUs" time="2.862" classname="selenium.test.nexxvali.FunWithTestNgAnnogations"/>
</testsuite> <!-- selenium.test.nexxvali.FunWithTestNgAnnogations -->
