<?xml version="1.0" encoding="UTF-8"?>
<!-- Generated by org.testng.reporters.JUnitReportReporter -->
<testsuite skipped="0" hostname="Syeds-Air.attlocal.net" name="selenium.test.nexxvali.FunWithTestNgAnnoPropFile" tests="2" failures="0" timestamp="14 Apr 2022 14:22:54 GMT" time="3.638" errors="0">
  <testcase name="goToURL" time="2.924" classname="selenium.test.nexxvali.FunWithTestNgAnnoPropFile"/>
  <testcase name="clickOnAboutUs" time="0.714" classname="selenium.test.nexxvali.FunWithTestNgAnnoPropFile"/>
</testsuite> <!-- selenium.test.nexxvali.FunWithTestNgAnnoPropFile -->
