<?xml version="1.0" encoding="UTF-8"?>
<!-- Generated by org.testng.reporters.JUnitReportReporter -->
<testsuite skipped="0" hostname="Syeds-Air.attlocal.net" name="selenium.test.nexxvali.FunWithTestNgAnnoPropFile" tests="2" failures="0" timestamp="12 Apr 2022 18:11:38 GMT" time="4.748" errors="0">
  <testcase name="goToURL" time="4.046" classname="selenium.test.nexxvali.FunWithTestNgAnnoPropFile"/>
  <testcase name="clickOnAboutUs" time="0.702" classname="selenium.test.nexxvali.FunWithTestNgAnnoPropFile"/>
</testsuite> <!-- selenium.test.nexxvali.FunWithTestNgAnnoPropFile -->
