<?xml version="1.0" encoding="UTF-8"?>
<!-- Generated by org.testng.reporters.JUnitReportReporter -->
<testsuite skipped="0" hostname="Syeds-Air.attlocal.net" name="selenium.test.nexxvali.TestNgDataProvider" tests="4" failures="0" timestamp="15 Apr 2022 19:03:06 GMT" time="0.060" errors="0">
  <testcase name="printData" time="0.005" classname="selenium.test.nexxvali.TestNgDataProvider"/>
  <testcase name="printData" time="0.004" classname="selenium.test.nexxvali.TestNgDataProvider"/>
  <testcase name="printData" time="0.001" classname="selenium.test.nexxvali.TestNgDataProvider"/>
  <testcase name="printData" time="0.050" classname="selenium.test.nexxvali.TestNgDataProvider"/>
</testsuite> <!-- selenium.test.nexxvali.TestNgDataProvider -->
