<?xml version="1.0" encoding="UTF-8"?>
<!-- Generated by org.testng.reporters.JUnitReportReporter -->
<testsuite skipped="0" hostname="Syeds-Air.attlocal.net" name="selenium.test.nexxvali.ReadPropertyFile" tests="1" failures="0" timestamp="14 Apr 2022 20:05:05 GMT" time="0.009" errors="0">
  <testcase name="locators" time="0.009" classname="selenium.test.nexxvali.ReadPropertyFile"/>
</testsuite> <!-- selenium.test.nexxvali.ReadPropertyFile -->
