<?xml version="1.0" encoding="UTF-8"?>
<!-- Generated by org.testng.reporters.JUnitReportReporter -->
<testsuite skipped="0" hostname="Syeds-Air.attlocal.net" name="selenium.test.nexxvali.Play" tests="3" failures="0" timestamp="14 Apr 2022 19:41:10 GMT" time="0.025" errors="0">
  <testcase name="howMuchSheLovesYou" time="0.001" classname="selenium.test.nexxvali.Play"/>
  <testcase name="howMuchYouLoveHer" time="0.017" classname="selenium.test.nexxvali.Play"/>
  <testcase name="method3" time="0.007" classname="selenium.test.nexxvali.Play"/>
</testsuite> <!-- selenium.test.nexxvali.Play -->
