<?xml version="1.0" encoding="UTF-8"?>
<!-- Generated by org.testng.reporters.JUnitReportReporter -->
<testsuite skipped="0" hostname="Syeds-Air.attlocal.net" name="selenium.test.nexxvali.SelectClassPractice" tests="1" failures="0" timestamp="29 Mar 2022 19:08:37 GMT" time="18.003" errors="0">
  <testcase name="businesscontact" time="18.003" classname="selenium.test.nexxvali.SelectClassPractice"/>
</testsuite> <!-- selenium.test.nexxvali.SelectClassPractice -->
