<?xml version="1.0" encoding="UTF-8"?>
<!-- Generated by org.testng.reporters.JUnitReportReporter -->
<testsuite skipped="0" hostname="Syeds-Air.attlocal.net" name="selenium.test.nexxvali.DataProviderTN" tests="4" failures="0" timestamp="14 Apr 2022 21:23:13 GMT" time="0.019" errors="0">
  <testcase name="logIn" time="0.002" classname="selenium.test.nexxvali.DataProviderTN"/>
  <testcase name="logIn" time="0.002" classname="selenium.test.nexxvali.DataProviderTN"/>
  <testcase name="logIn" time="0.002" classname="selenium.test.nexxvali.DataProviderTN"/>
  <testcase name="logIn" time="0.013" classname="selenium.test.nexxvali.DataProviderTN"/>
</testsuite> <!-- selenium.test.nexxvali.DataProviderTN -->
