<?xml version="1.0" encoding="UTF-8"?>
<!-- Generated by org.testng.reporters.JUnitReportReporter -->
<testsuite skipped="0" hostname="Syeds-Air.attlocal.net" name="selenium.test.nexxvali.PlayWithDropDownMenu" tests="1" failures="0" timestamp="31 Mar 2022 20:54:04 GMT" time="12.537" errors="0">
  <testcase name="compareDropDownMenu" time="12.537" classname="selenium.test.nexxvali.PlayWithDropDownMenu"/>
</testsuite> <!-- selenium.test.nexxvali.PlayWithDropDownMenu -->
