<?xml version="1.0" encoding="UTF-8"?>
<!-- Generated by org.testng.reporters.JUnitReportReporter -->
<testsuite skipped="0" hostname="Syeds-Air.attlocal.net" name="selenium.test.nexxvali.PracticeDynamicXpath" tests="1" failures="0" timestamp="12 Apr 2022 16:41:03 GMT" time="7.851" errors="0">
  <testcase name="testDynamicXpath" time="7.851" classname="selenium.test.nexxvali.PracticeDynamicXpath"/>
</testsuite> <!-- selenium.test.nexxvali.PracticeDynamicXpath -->
