<?xml version="1.0" encoding="UTF-8"?>
<!-- Generated by org.testng.reporters.JUnitReportReporter -->
<testsuite skipped="0" hostname="Syeds-Air.attlocal.net" name="selenium.test.nexxvali.FunWithTestNgAnnoPropFile" tests="1" failures="0" timestamp="12 Apr 2022 17:43:59 GMT" time="0.760" errors="0">
  <testcase name="clickOnAboutUs" time="0.760" classname="selenium.test.nexxvali.FunWithTestNgAnnoPropFile"/>
</testsuite> <!-- selenium.test.nexxvali.FunWithTestNgAnnoPropFile -->
