<?xml version="1.0" encoding="UTF-8"?>
<!-- Generated by org.testng.reporters.JUnitReportReporter -->
<testsuite skipped="1" hostname="Syeds-Air.attlocal.net" name="selenium.test.nexxvali.ImpAtTestParams" tests="504" failures="0" timestamp="14 Apr 2022 16:21:36 GMT" time="0.568" errors="0">
  <testcase name="test3" time="0.003" classname="selenium.test.nexxvali.ImpAtTestParams"/>
  <testcase name="test5" time="0.001" classname="selenium.test.nexxvali.ImpAtTestParams"/>
  <testcase name="test5" time="0.011" classname="selenium.test.nexxvali.ImpAtTestParams"/>
  <testcase name="test5" time="0.001" classname="selenium.test.nexxvali.ImpAtTestParams"/>
  <testcase name="test5" time="0.000" classname="selenium.test.nexxvali.ImpAtTestParams"/>
  <testcase name="test5" time="0.000" classname="selenium.test.nexxvali.ImpAtTestParams"/>
  <testcase name="test5" time="0.001" classname="selenium.test.nexxvali.ImpAtTestParams"/>
  <testcase name="test5" time="0.000" classname="selenium.test.nexxvali.ImpAtTestParams"/>
  <testcase name="test5" time="0.001" classname="selenium.test.nexxvali.ImpAtTestParams"/>
  <testcase name="test5" time="0.001" classname="selenium.test.nexxvali.ImpAtTestParams"/>
  <testcase name="test5" time="0.000" classname="selenium.test.nexxvali.ImpAtTestParams"/>
  <testcase name="test5" time="0.000" classname="selenium.test.nexxvali.ImpAtTestParams"/>
  <testcase name="test5" time="0.001" classname="selenium.test.nexxvali.ImpAtTestParams"/>
  <testcase name="test5" time="0.000" classname="selenium.test.nexxvali.ImpAtTestParams"/>
  <testcase name="test5" time="0.000" classname="selenium.test.nexxvali.ImpAtTestParams"/>
  <testcase name="test5" time="0.000" classname="selenium.test.nexxvali.ImpAtTestParams"/>
  <testcase name="test5" time="0.000" classname="selenium.test.nexxvali.ImpAtTestParams"/>
  <testcase name="test5" time="0.000" classname="selenium.test.nexxvali.ImpAtTestParams"/>
  <testcase name="test5" time="0.001" classname="selenium.test.nexxvali.ImpAtTestParams"/>
  <testcase name="test5" time="0.001" classname="selenium.test.nexxvali.ImpAtTestParams"/>
  <testcase name="test5" time="0.001" classname="selenium.test.nexxvali.ImpAtTestParams"/>
  <testcase name="test5" time="0.008" classname="selenium.test.nexxvali.ImpAtTestParams"/>
  <testcase name="test5" time="0.000" classname="selenium.test.nexxvali.ImpAtTestParams"/>
  <testcase name="test5" time="0.000" classname="selenium.test.nexxvali.ImpAtTestParams"/>
  <testcase name="test5" time="0.000" classname="selenium.test.nexxvali.ImpAtTestParams"/>
  <testcase name="test5" time="0.000" classname="selenium.test.nexxvali.ImpAtTestParams"/>
  <testcase name="test5" time="0.000" classname="selenium.test.nexxvali.ImpAtTestParams"/>
  <testcase name="test5" time="0.000" classname="selenium.test.nexxvali.ImpAtTestParams"/>
  <testcase name="test5" time="0.001" classname="selenium.test.nexxvali.ImpAtTestParams"/>
  <testcase name="test5" time="0.001" classname="selenium.test.nexxvali.ImpAtTestParams"/>
  <testcase name="test5" time="0.001" classname="selenium.test.nexxvali.ImpAtTestParams"/>
  <testcase name="test5" time="0.000" classname="selenium.test.nexxvali.ImpAtTestParams"/>
  <testcase name="test5" time="0.001" classname="selenium.test.nexxvali.ImpAtTestParams"/>
  <testcase name="test5" time="0.001" classname="selenium.test.nexxvali.ImpAtTestParams"/>
  <testcase name="test5" time="0.001" classname="selenium.test.nexxvali.ImpAtTestParams"/>
  <testcase name="test5" time="0.000" classname="selenium.test.nexxvali.ImpAtTestParams"/>
  <testcase name="test5" time="0.003" classname="selenium.test.nexxvali.ImpAtTestParams"/>
  <testcase name="test5" time="0.001" classname="selenium.test.nexxvali.ImpAtTestParams"/>
  <testcase name="test5" time="0.001" classname="selenium.test.nexxvali.ImpAtTestParams"/>
  <testcase name="test5" time="0.001" classname="selenium.test.nexxvali.ImpAtTestParams"/>
  <testcase name="test5" time="0.001" classname="selenium.test.nexxvali.ImpAtTestParams"/>
  <testcase name="test5" time="0.000" classname="selenium.test.nexxvali.ImpAtTestParams"/>
  <testcase name="test5" time="0.003" classname="selenium.test.nexxvali.ImpAtTestParams"/>
  <testcase name="test5" time="0.001" classname="selenium.test.nexxvali.ImpAtTestParams"/>
  <testcase name="test5" time="0.001" classname="selenium.test.nexxvali.ImpAtTestParams"/>
  <testcase name="test5" time="0.000" classname="selenium.test.nexxvali.ImpAtTestParams"/>
  <testcase name="test5" time="0.001" classname="selenium.test.nexxvali.ImpAtTestParams"/>
  <testcase name="test5" time="0.001" classname="selenium.test.nexxvali.ImpAtTestParams"/>
  <testcase name="test5" time="0.001" classname="selenium.test.nexxvali.ImpAtTestParams"/>
  <testcase name="test5" time="0.003" classname="selenium.test.nexxvali.ImpAtTestParams"/>
  <testcase name="test5" time="0.001" classname="selenium.test.nexxvali.ImpAtTestParams"/>
  <testcase name="test5" time="0.001" classname="selenium.test.nexxvali.ImpAtTestParams"/>
  <testcase name="test5" time="0.003" classname="selenium.test.nexxvali.ImpAtTestParams"/>
  <testcase name="test5" time="0.007" classname="selenium.test.nexxvali.ImpAtTestParams"/>
  <testcase name="test5" time="0.001" classname="selenium.test.nexxvali.ImpAtTestParams"/>
  <testcase name="test5" time="0.000" classname="selenium.test.nexxvali.ImpAtTestParams"/>
  <testcase name="test5" time="0.000" classname="selenium.test.nexxvali.ImpAtTestParams"/>
  <testcase name="test5" time="0.000" classname="selenium.test.nexxvali.ImpAtTestParams"/>
  <testcase name="test5" time="0.001" classname="selenium.test.nexxvali.ImpAtTestParams"/>
  <testcase name="test5" time="0.001" classname="selenium.test.nexxvali.ImpAtTestParams"/>
  <testcase name="test5" time="0.000" classname="selenium.test.nexxvali.ImpAtTestParams"/>
  <testcase name="test5" time="0.000" classname="selenium.test.nexxvali.ImpAtTestParams"/>
  <testcase name="test5" time="0.000" classname="selenium.test.nexxvali.ImpAtTestParams"/>
  <testcase name="test5" time="0.000" classname="selenium.test.nexxvali.ImpAtTestParams"/>
  <testcase name="test5" time="0.001" classname="selenium.test.nexxvali.ImpAtTestParams"/>
  <testcase name="test5" time="0.001" classname="selenium.test.nexxvali.ImpAtTestParams"/>
  <testcase name="test5" time="0.001" classname="selenium.test.nexxvali.ImpAtTestParams"/>
  <testcase name="test5" time="0.000" classname="selenium.test.nexxvali.ImpAtTestParams"/>
  <testcase name="test5" time="0.000" classname="selenium.test.nexxvali.ImpAtTestParams"/>
  <testcase name="test5" time="0.001" classname="selenium.test.nexxvali.ImpAtTestParams"/>
  <testcase name="test5" time="0.000" classname="selenium.test.nexxvali.ImpAtTestParams"/>
  <testcase name="test5" time="0.001" classname="selenium.test.nexxvali.ImpAtTestParams"/>
  <testcase name="test5" time="0.000" classname="selenium.test.nexxvali.ImpAtTestParams"/>
  <testcase name="test5" time="0.001" classname="selenium.test.nexxvali.ImpAtTestParams"/>
  <testcase name="test5" time="0.000" classname="selenium.test.nexxvali.ImpAtTestParams"/>
  <testcase name="test5" time="0.001" classname="selenium.test.nexxvali.ImpAtTestParams"/>
  <testcase name="test5" time="0.001" classname="selenium.test.nexxvali.ImpAtTestParams"/>
  <testcase name="test5" time="0.001" classname="selenium.test.nexxvali.ImpAtTestParams"/>
  <testcase name="test5" time="0.001" classname="selenium.test.nexxvali.ImpAtTestParams"/>
  <testcase name="test5" time="0.000" classname="selenium.test.nexxvali.ImpAtTestParams"/>
  <testcase name="test5" time="0.001" classname="selenium.test.nexxvali.ImpAtTestParams"/>
  <testcase name="test5" time="0.001" classname="selenium.test.nexxvali.ImpAtTestParams"/>
  <testcase name="test5" time="0.001" classname="selenium.test.nexxvali.ImpAtTestParams"/>
  <testcase name="test5" time="0.000" classname="selenium.test.nexxvali.ImpAtTestParams"/>
  <testcase name="test5" time="0.000" classname="selenium.test.nexxvali.ImpAtTestParams"/>
  <testcase name="test5" time="0.000" classname="selenium.test.nexxvali.ImpAtTestParams"/>
  <testcase name="test5" time="0.000" classname="selenium.test.nexxvali.ImpAtTestParams"/>
  <testcase name="test5" time="0.000" classname="selenium.test.nexxvali.ImpAtTestParams"/>
  <testcase name="test5" time="0.001" classname="selenium.test.nexxvali.ImpAtTestParams"/>
  <testcase name="test5" time="0.000" classname="selenium.test.nexxvali.ImpAtTestParams"/>
  <testcase name="test5" time="0.001" classname="selenium.test.nexxvali.ImpAtTestParams"/>
  <testcase name="test5" time="0.006" classname="selenium.test.nexxvali.ImpAtTestParams"/>
  <testcase name="test5" time="0.001" classname="selenium.test.nexxvali.ImpAtTestParams"/>
  <testcase name="test5" time="0.001" classname="selenium.test.nexxvali.ImpAtTestParams"/>
  <testcase name="test5" time="0.001" classname="selenium.test.nexxvali.ImpAtTestParams"/>
  <testcase name="test5" time="0.001" classname="selenium.test.nexxvali.ImpAtTestParams"/>
  <testcase name="test5" time="0.002" classname="selenium.test.nexxvali.ImpAtTestParams"/>
  <testcase name="test5" time="0.001" classname="selenium.test.nexxvali.ImpAtTestParams"/>
  <testcase name="test5" time="0.001" classname="selenium.test.nexxvali.ImpAtTestParams"/>
  <testcase name="test5" time="0.001" classname="selenium.test.nexxvali.ImpAtTestParams"/>
  <testcase name="test5" time="0.000" classname="selenium.test.nexxvali.ImpAtTestParams"/>
  <testcase name="test5" time="0.000" classname="selenium.test.nexxvali.ImpAtTestParams"/>
  <testcase name="test5" time="0.001" classname="selenium.test.nexxvali.ImpAtTestParams"/>
  <testcase name="test5" time="0.000" classname="selenium.test.nexxvali.ImpAtTestParams"/>
  <testcase name="test5" time="0.001" classname="selenium.test.nexxvali.ImpAtTestParams"/>
  <testcase name="test5" time="0.001" classname="selenium.test.nexxvali.ImpAtTestParams"/>
  <testcase name="test5" time="0.000" classname="selenium.test.nexxvali.ImpAtTestParams"/>
  <testcase name="test5" time="0.000" classname="selenium.test.nexxvali.ImpAtTestParams"/>
  <testcase name="test5" time="0.001" classname="selenium.test.nexxvali.ImpAtTestParams"/>
  <testcase name="test5" time="0.001" classname="selenium.test.nexxvali.ImpAtTestParams"/>
  <testcase name="test5" time="0.002" classname="selenium.test.nexxvali.ImpAtTestParams"/>
  <testcase name="test5" time="0.002" classname="selenium.test.nexxvali.ImpAtTestParams"/>
  <testcase name="test5" time="0.001" classname="selenium.test.nexxvali.ImpAtTestParams"/>
  <testcase name="test5" time="0.001" classname="selenium.test.nexxvali.ImpAtTestParams"/>
  <testcase name="test5" time="0.000" classname="selenium.test.nexxvali.ImpAtTestParams"/>
  <testcase name="test5" time="0.000" classname="selenium.test.nexxvali.ImpAtTestParams"/>
  <testcase name="test5" time="0.000" classname="selenium.test.nexxvali.ImpAtTestParams"/>
  <testcase name="test5" time="0.000" classname="selenium.test.nexxvali.ImpAtTestParams"/>
  <testcase name="test5" time="0.000" classname="selenium.test.nexxvali.ImpAtTestParams"/>
  <testcase name="test5" time="0.001" classname="selenium.test.nexxvali.ImpAtTestParams"/>
  <testcase name="test5" time="0.001" classname="selenium.test.nexxvali.ImpAtTestParams"/>
  <testcase name="test5" time="0.000" classname="selenium.test.nexxvali.ImpAtTestParams"/>
  <testcase name="test5" time="0.001" classname="selenium.test.nexxvali.ImpAtTestParams"/>
  <testcase name="test5" time="0.004" classname="selenium.test.nexxvali.ImpAtTestParams"/>
  <testcase name="test5" time="0.001" classname="selenium.test.nexxvali.ImpAtTestParams"/>
  <testcase name="test5" time="0.000" classname="selenium.test.nexxvali.ImpAtTestParams"/>
  <testcase name="test5" time="0.000" classname="selenium.test.nexxvali.ImpAtTestParams"/>
  <testcase name="test5" time="0.001" classname="selenium.test.nexxvali.ImpAtTestParams"/>
  <testcase name="test5" time="0.001" classname="selenium.test.nexxvali.ImpAtTestParams"/>
  <testcase name="test5" time="0.001" classname="selenium.test.nexxvali.ImpAtTestParams"/>
  <testcase name="test5" time="0.000" classname="selenium.test.nexxvali.ImpAtTestParams"/>
  <testcase name="test5" time="0.000" classname="selenium.test.nexxvali.ImpAtTestParams"/>
  <testcase name="test5" time="0.000" classname="selenium.test.nexxvali.ImpAtTestParams"/>
  <testcase name="test5" time="0.000" classname="selenium.test.nexxvali.ImpAtTestParams"/>
  <testcase name="test5" time="0.001" classname="selenium.test.nexxvali.ImpAtTestParams"/>
  <testcase name="test5" time="0.000" classname="selenium.test.nexxvali.ImpAtTestParams"/>
  <testcase name="test5" time="0.000" classname="selenium.test.nexxvali.ImpAtTestParams"/>
  <testcase name="test5" time="0.001" classname="selenium.test.nexxvali.ImpAtTestParams"/>
  <testcase name="test5" time="0.002" classname="selenium.test.nexxvali.ImpAtTestParams"/>
  <testcase name="test5" time="0.000" classname="selenium.test.nexxvali.ImpAtTestParams"/>
  <testcase name="test5" time="0.000" classname="selenium.test.nexxvali.ImpAtTestParams"/>
  <testcase name="test5" time="0.000" classname="selenium.test.nexxvali.ImpAtTestParams"/>
  <testcase name="test5" time="0.001" classname="selenium.test.nexxvali.ImpAtTestParams"/>
  <testcase name="test5" time="0.001" classname="selenium.test.nexxvali.ImpAtTestParams"/>
  <testcase name="test5" time="0.001" classname="selenium.test.nexxvali.ImpAtTestParams"/>
  <testcase name="test5" time="0.000" classname="selenium.test.nexxvali.ImpAtTestParams"/>
  <testcase name="test5" time="0.000" classname="selenium.test.nexxvali.ImpAtTestParams"/>
  <testcase name="test5" time="0.000" classname="selenium.test.nexxvali.ImpAtTestParams"/>
  <testcase name="test5" time="0.000" classname="selenium.test.nexxvali.ImpAtTestParams"/>
  <testcase name="test5" time="0.000" classname="selenium.test.nexxvali.ImpAtTestParams"/>
  <testcase name="test5" time="0.001" classname="selenium.test.nexxvali.ImpAtTestParams"/>
  <testcase name="test5" time="0.000" classname="selenium.test.nexxvali.ImpAtTestParams"/>
  <testcase name="test5" time="0.001" classname="selenium.test.nexxvali.ImpAtTestParams"/>
  <testcase name="test5" time="0.001" classname="selenium.test.nexxvali.ImpAtTestParams"/>
  <testcase name="test5" time="0.001" classname="selenium.test.nexxvali.ImpAtTestParams"/>
  <testcase name="test5" time="0.001" classname="selenium.test.nexxvali.ImpAtTestParams"/>
  <testcase name="test5" time="0.002" classname="selenium.test.nexxvali.ImpAtTestParams"/>
  <testcase name="test5" time="0.001" classname="selenium.test.nexxvali.ImpAtTestParams"/>
  <testcase name="test5" time="0.000" classname="selenium.test.nexxvali.ImpAtTestParams"/>
  <testcase name="test5" time="0.001" classname="selenium.test.nexxvali.ImpAtTestParams"/>
  <testcase name="test5" time="0.000" classname="selenium.test.nexxvali.ImpAtTestParams"/>
  <testcase name="test5" time="0.000" classname="selenium.test.nexxvali.ImpAtTestParams"/>
  <testcase name="test5" time="0.001" classname="selenium.test.nexxvali.ImpAtTestParams"/>
  <testcase name="test5" time="0.006" classname="selenium.test.nexxvali.ImpAtTestParams"/>
  <testcase name="test5" time="0.001" classname="selenium.test.nexxvali.ImpAtTestParams"/>
  <testcase name="test5" time="0.001" classname="selenium.test.nexxvali.ImpAtTestParams"/>
  <testcase name="test2" time="0.002" classname="selenium.test.nexxvali.ImpAtTestParams"/>
  <testcase name="test5" time="0.000" classname="selenium.test.nexxvali.ImpAtTestParams"/>
  <testcase name="test5" time="0.001" classname="selenium.test.nexxvali.ImpAtTestParams"/>
  <testcase name="test5" time="0.001" classname="selenium.test.nexxvali.ImpAtTestParams"/>
  <testcase name="test5" time="0.000" classname="selenium.test.nexxvali.ImpAtTestParams"/>
  <testcase name="test5" time="0.001" classname="selenium.test.nexxvali.ImpAtTestParams"/>
  <testcase name="test5" time="0.001" classname="selenium.test.nexxvali.ImpAtTestParams"/>
  <testcase name="test5" time="0.000" classname="selenium.test.nexxvali.ImpAtTestParams"/>
  <testcase name="test5" time="0.001" classname="selenium.test.nexxvali.ImpAtTestParams"/>
  <testcase name="test5" time="0.001" classname="selenium.test.nexxvali.ImpAtTestParams"/>
  <testcase name="test5" time="0.001" classname="selenium.test.nexxvali.ImpAtTestParams"/>
  <testcase name="test5" time="0.000" classname="selenium.test.nexxvali.ImpAtTestParams"/>
  <testcase name="test5" time="0.002" classname="selenium.test.nexxvali.ImpAtTestParams"/>
  <testcase name="test5" time="0.001" classname="selenium.test.nexxvali.ImpAtTestParams"/>
  <testcase name="test5" time="0.000" classname="selenium.test.nexxvali.ImpAtTestParams"/>
  <testcase name="test5" time="0.001" classname="selenium.test.nexxvali.ImpAtTestParams"/>
  <testcase name="test5" time="0.000" classname="selenium.test.nexxvali.ImpAtTestParams"/>
  <testcase name="test5" time="0.000" classname="selenium.test.nexxvali.ImpAtTestParams"/>
  <testcase name="test5" time="0.000" classname="selenium.test.nexxvali.ImpAtTestParams"/>
  <testcase name="test5" time="0.001" classname="selenium.test.nexxvali.ImpAtTestParams"/>
  <testcase name="test5" time="0.000" classname="selenium.test.nexxvali.ImpAtTestParams"/>
  <testcase name="test5" time="0.001" classname="selenium.test.nexxvali.ImpAtTestParams"/>
  <testcase name="test5" time="0.000" classname="selenium.test.nexxvali.ImpAtTestParams"/>
  <testcase name="test5" time="0.001" classname="selenium.test.nexxvali.ImpAtTestParams"/>
  <testcase name="test5" time="0.000" classname="selenium.test.nexxvali.ImpAtTestParams"/>
  <testcase name="test5" time="0.001" classname="selenium.test.nexxvali.ImpAtTestParams"/>
  <testcase name="test5" time="0.002" classname="selenium.test.nexxvali.ImpAtTestParams"/>
  <testcase name="test5" time="0.000" classname="selenium.test.nexxvali.ImpAtTestParams"/>
  <testcase name="test5" time="0.000" classname="selenium.test.nexxvali.ImpAtTestParams"/>
  <testcase name="test5" time="0.000" classname="selenium.test.nexxvali.ImpAtTestParams"/>
  <testcase name="test5" time="0.001" classname="selenium.test.nexxvali.ImpAtTestParams"/>
  <testcase name="test5" time="0.000" classname="selenium.test.nexxvali.ImpAtTestParams"/>
  <testcase name="test5" time="0.001" classname="selenium.test.nexxvali.ImpAtTestParams"/>
  <testcase name="test5" time="0.000" classname="selenium.test.nexxvali.ImpAtTestParams"/>
  <testcase name="test5" time="0.000" classname="selenium.test.nexxvali.ImpAtTestParams"/>
  <testcase name="test5" time="0.001" classname="selenium.test.nexxvali.ImpAtTestParams"/>
  <testcase name="test5" time="0.001" classname="selenium.test.nexxvali.ImpAtTestParams"/>
  <testcase name="test5" time="0.001" classname="selenium.test.nexxvali.ImpAtTestParams"/>
  <testcase name="test5" time="0.000" classname="selenium.test.nexxvali.ImpAtTestParams"/>
  <testcase name="test5" time="0.000" classname="selenium.test.nexxvali.ImpAtTestParams"/>
  <testcase name="test5" time="0.000" classname="selenium.test.nexxvali.ImpAtTestParams"/>
  <testcase name="test5" time="0.001" classname="selenium.test.nexxvali.ImpAtTestParams"/>
  <testcase name="test5" time="0.001" classname="selenium.test.nexxvali.ImpAtTestParams"/>
  <testcase name="test5" time="0.001" classname="selenium.test.nexxvali.ImpAtTestParams"/>
  <testcase name="test5" time="0.000" classname="selenium.test.nexxvali.ImpAtTestParams"/>
  <testcase name="test5" time="0.001" classname="selenium.test.nexxvali.ImpAtTestParams"/>
  <testcase name="test5" time="0.000" classname="selenium.test.nexxvali.ImpAtTestParams"/>
  <testcase name="test5" time="0.001" classname="selenium.test.nexxvali.ImpAtTestParams"/>
  <testcase name="test5" time="0.000" classname="selenium.test.nexxvali.ImpAtTestParams"/>
  <testcase name="test5" time="0.001" classname="selenium.test.nexxvali.ImpAtTestParams"/>
  <testcase name="test5" time="0.000" classname="selenium.test.nexxvali.ImpAtTestParams"/>
  <testcase name="test5" time="0.000" classname="selenium.test.nexxvali.ImpAtTestParams"/>
  <testcase name="test5" time="0.013" classname="selenium.test.nexxvali.ImpAtTestParams"/>
  <testcase name="test5" time="0.001" classname="selenium.test.nexxvali.ImpAtTestParams"/>
  <testcase name="test5" time="0.000" classname="selenium.test.nexxvali.ImpAtTestParams"/>
  <testcase name="test5" time="0.001" classname="selenium.test.nexxvali.ImpAtTestParams"/>
  <testcase name="test5" time="0.000" classname="selenium.test.nexxvali.ImpAtTestParams"/>
  <testcase name="test5" time="0.000" classname="selenium.test.nexxvali.ImpAtTestParams"/>
  <testcase name="test5" time="0.000" classname="selenium.test.nexxvali.ImpAtTestParams"/>
  <testcase name="test5" time="0.001" classname="selenium.test.nexxvali.ImpAtTestParams"/>
  <testcase name="test5" time="0.001" classname="selenium.test.nexxvali.ImpAtTestParams"/>
  <testcase name="test5" time="0.001" classname="selenium.test.nexxvali.ImpAtTestParams"/>
  <testcase name="test5" time="0.000" classname="selenium.test.nexxvali.ImpAtTestParams"/>
  <testcase name="test5" time="0.001" classname="selenium.test.nexxvali.ImpAtTestParams"/>
  <testcase name="test5" time="0.005" classname="selenium.test.nexxvali.ImpAtTestParams"/>
  <testcase name="test5" time="0.000" classname="selenium.test.nexxvali.ImpAtTestParams"/>
  <testcase name="test5" time="0.001" classname="selenium.test.nexxvali.ImpAtTestParams"/>
  <testcase name="test5" time="0.002" classname="selenium.test.nexxvali.ImpAtTestParams"/>
  <testcase name="test5" time="0.001" classname="selenium.test.nexxvali.ImpAtTestParams"/>
  <testcase name="test5" time="0.001" classname="selenium.test.nexxvali.ImpAtTestParams"/>
  <testcase name="test5" time="0.010" classname="selenium.test.nexxvali.ImpAtTestParams"/>
  <testcase name="test5" time="0.001" classname="selenium.test.nexxvali.ImpAtTestParams"/>
  <testcase name="test5" time="0.000" classname="selenium.test.nexxvali.ImpAtTestParams"/>
  <testcase name="test5" time="0.001" classname="selenium.test.nexxvali.ImpAtTestParams"/>
  <testcase name="test5" time="0.002" classname="selenium.test.nexxvali.ImpAtTestParams"/>
  <testcase name="test5" time="0.000" classname="selenium.test.nexxvali.ImpAtTestParams"/>
  <testcase name="test5" time="0.000" classname="selenium.test.nexxvali.ImpAtTestParams"/>
  <testcase name="test5" time="0.001" classname="selenium.test.nexxvali.ImpAtTestParams"/>
  <testcase name="test5" time="0.001" classname="selenium.test.nexxvali.ImpAtTestParams"/>
  <testcase name="test5" time="0.001" classname="selenium.test.nexxvali.ImpAtTestParams"/>
  <testcase name="test5" time="0.001" classname="selenium.test.nexxvali.ImpAtTestParams"/>
  <testcase name="test5" time="0.000" classname="selenium.test.nexxvali.ImpAtTestParams"/>
  <testcase name="test5" time="0.000" classname="selenium.test.nexxvali.ImpAtTestParams"/>
  <testcase name="test5" time="0.000" classname="selenium.test.nexxvali.ImpAtTestParams"/>
  <testcase name="test5" time="0.000" classname="selenium.test.nexxvali.ImpAtTestParams"/>
  <testcase name="test5" time="0.000" classname="selenium.test.nexxvali.ImpAtTestParams"/>
  <testcase name="test5" time="0.000" classname="selenium.test.nexxvali.ImpAtTestParams"/>
  <testcase name="test5" time="0.001" classname="selenium.test.nexxvali.ImpAtTestParams"/>
  <testcase name="test5" time="0.000" classname="selenium.test.nexxvali.ImpAtTestParams"/>
  <testcase name="test5" time="0.001" classname="selenium.test.nexxvali.ImpAtTestParams"/>
  <testcase name="test5" time="0.001" classname="selenium.test.nexxvali.ImpAtTestParams"/>
  <testcase name="test5" time="0.001" classname="selenium.test.nexxvali.ImpAtTestParams"/>
  <testcase name="test5" time="0.033" classname="selenium.test.nexxvali.ImpAtTestParams"/>
  <testcase name="test5" time="0.000" classname="selenium.test.nexxvali.ImpAtTestParams"/>
  <testcase name="test5" time="0.001" classname="selenium.test.nexxvali.ImpAtTestParams"/>
  <testcase name="test5" time="0.001" classname="selenium.test.nexxvali.ImpAtTestParams"/>
  <testcase name="test5" time="0.000" classname="selenium.test.nexxvali.ImpAtTestParams"/>
  <testcase name="test5" time="0.000" classname="selenium.test.nexxvali.ImpAtTestParams"/>
  <testcase name="test5" time="0.002" classname="selenium.test.nexxvali.ImpAtTestParams"/>
  <testcase name="test5" time="0.004" classname="selenium.test.nexxvali.ImpAtTestParams"/>
  <testcase name="test5" time="0.000" classname="selenium.test.nexxvali.ImpAtTestParams"/>
  <testcase name="test5" time="0.001" classname="selenium.test.nexxvali.ImpAtTestParams"/>
  <testcase name="test5" time="0.001" classname="selenium.test.nexxvali.ImpAtTestParams"/>
  <testcase name="test5" time="0.000" classname="selenium.test.nexxvali.ImpAtTestParams"/>
  <testcase name="test5" time="0.000" classname="selenium.test.nexxvali.ImpAtTestParams"/>
  <testcase name="test5" time="0.000" classname="selenium.test.nexxvali.ImpAtTestParams"/>
  <testcase name="test5" time="0.001" classname="selenium.test.nexxvali.ImpAtTestParams"/>
  <testcase name="test5" time="0.000" classname="selenium.test.nexxvali.ImpAtTestParams"/>
  <testcase name="test5" time="0.002" classname="selenium.test.nexxvali.ImpAtTestParams"/>
  <testcase name="test5" time="0.000" classname="selenium.test.nexxvali.ImpAtTestParams"/>
  <testcase name="test5" time="0.002" classname="selenium.test.nexxvali.ImpAtTestParams"/>
  <testcase name="test5" time="0.000" classname="selenium.test.nexxvali.ImpAtTestParams"/>
  <testcase name="test5" time="0.000" classname="selenium.test.nexxvali.ImpAtTestParams"/>
  <testcase name="test5" time="0.000" classname="selenium.test.nexxvali.ImpAtTestParams"/>
  <testcase name="test5" time="0.000" classname="selenium.test.nexxvali.ImpAtTestParams"/>
  <testcase name="test5" time="0.000" classname="selenium.test.nexxvali.ImpAtTestParams"/>
  <testcase name="test5" time="0.000" classname="selenium.test.nexxvali.ImpAtTestParams"/>
  <testcase name="test5" time="0.001" classname="selenium.test.nexxvali.ImpAtTestParams"/>
  <testcase name="test5" time="0.000" classname="selenium.test.nexxvali.ImpAtTestParams"/>
  <testcase name="test5" time="0.000" classname="selenium.test.nexxvali.ImpAtTestParams"/>
  <testcase name="test5" time="0.000" classname="selenium.test.nexxvali.ImpAtTestParams"/>
  <testcase name="test5" time="0.001" classname="selenium.test.nexxvali.ImpAtTestParams"/>
  <testcase name="test5" time="0.001" classname="selenium.test.nexxvali.ImpAtTestParams"/>
  <testcase name="test5" time="0.001" classname="selenium.test.nexxvali.ImpAtTestParams"/>
  <testcase name="test5" time="0.001" classname="selenium.test.nexxvali.ImpAtTestParams"/>
  <testcase name="test5" time="0.000" classname="selenium.test.nexxvali.ImpAtTestParams"/>
  <testcase name="test5" time="0.000" classname="selenium.test.nexxvali.ImpAtTestParams"/>
  <testcase name="test5" time="0.001" classname="selenium.test.nexxvali.ImpAtTestParams"/>
  <testcase name="test5" time="0.000" classname="selenium.test.nexxvali.ImpAtTestParams"/>
  <testcase name="test5" time="0.001" classname="selenium.test.nexxvali.ImpAtTestParams"/>
  <testcase name="test5" time="0.001" classname="selenium.test.nexxvali.ImpAtTestParams"/>
  <testcase name="test5" time="0.001" classname="selenium.test.nexxvali.ImpAtTestParams"/>
  <testcase name="test5" time="0.000" classname="selenium.test.nexxvali.ImpAtTestParams"/>
  <testcase name="test5" time="0.001" classname="selenium.test.nexxvali.ImpAtTestParams"/>
  <testcase name="test5" time="0.001" classname="selenium.test.nexxvali.ImpAtTestParams"/>
  <testcase name="test5" time="0.000" classname="selenium.test.nexxvali.ImpAtTestParams"/>
  <testcase name="test5" time="0.001" classname="selenium.test.nexxvali.ImpAtTestParams"/>
  <testcase name="test5" time="0.000" classname="selenium.test.nexxvali.ImpAtTestParams"/>
  <testcase name="test5" time="0.001" classname="selenium.test.nexxvali.ImpAtTestParams"/>
  <testcase name="test5" time="0.001" classname="selenium.test.nexxvali.ImpAtTestParams"/>
  <testcase name="test5" time="0.001" classname="selenium.test.nexxvali.ImpAtTestParams"/>
  <testcase name="test5" time="0.001" classname="selenium.test.nexxvali.ImpAtTestParams"/>
  <testcase name="test5" time="0.000" classname="selenium.test.nexxvali.ImpAtTestParams"/>
  <testcase name="test5" time="0.001" classname="selenium.test.nexxvali.ImpAtTestParams"/>
  <testcase name="test5" time="0.001" classname="selenium.test.nexxvali.ImpAtTestParams"/>
  <testcase name="test5" time="0.001" classname="selenium.test.nexxvali.ImpAtTestParams"/>
  <testcase name="test5" time="0.000" classname="selenium.test.nexxvali.ImpAtTestParams"/>
  <testcase name="test5" time="0.004" classname="selenium.test.nexxvali.ImpAtTestParams"/>
  <testcase name="test5" time="0.001" classname="selenium.test.nexxvali.ImpAtTestParams"/>
  <testcase name="test5" time="0.001" classname="selenium.test.nexxvali.ImpAtTestParams"/>
  <testcase name="test5" time="0.000" classname="selenium.test.nexxvali.ImpAtTestParams"/>
  <testcase name="test5" time="0.001" classname="selenium.test.nexxvali.ImpAtTestParams"/>
  <testcase name="test5" time="0.000" classname="selenium.test.nexxvali.ImpAtTestParams"/>
  <testcase name="test5" time="0.000" classname="selenium.test.nexxvali.ImpAtTestParams"/>
  <testcase name="test5" time="0.002" classname="selenium.test.nexxvali.ImpAtTestParams"/>
  <testcase name="test5" time="0.001" classname="selenium.test.nexxvali.ImpAtTestParams"/>
  <testcase name="test5" time="0.001" classname="selenium.test.nexxvali.ImpAtTestParams"/>
  <testcase name="test5" time="0.000" classname="selenium.test.nexxvali.ImpAtTestParams"/>
  <testcase name="test5" time="0.001" classname="selenium.test.nexxvali.ImpAtTestParams"/>
  <testcase name="test5" time="0.001" classname="selenium.test.nexxvali.ImpAtTestParams"/>
  <testcase name="test5" time="0.001" classname="selenium.test.nexxvali.ImpAtTestParams"/>
  <testcase name="test5" time="0.001" classname="selenium.test.nexxvali.ImpAtTestParams"/>
  <testcase name="test5" time="0.000" classname="selenium.test.nexxvali.ImpAtTestParams"/>
  <testcase name="test5" time="0.018" classname="selenium.test.nexxvali.ImpAtTestParams"/>
  <testcase name="test5" time="0.001" classname="selenium.test.nexxvali.ImpAtTestParams"/>
  <testcase name="test5" time="0.000" classname="selenium.test.nexxvali.ImpAtTestParams"/>
  <testcase name="test5" time="0.000" classname="selenium.test.nexxvali.ImpAtTestParams"/>
  <testcase name="test5" time="0.001" classname="selenium.test.nexxvali.ImpAtTestParams"/>
  <testcase name="test5" time="0.001" classname="selenium.test.nexxvali.ImpAtTestParams"/>
  <testcase name="test5" time="0.001" classname="selenium.test.nexxvali.ImpAtTestParams"/>
  <testcase name="test5" time="0.001" classname="selenium.test.nexxvali.ImpAtTestParams"/>
  <testcase name="test5" time="0.001" classname="selenium.test.nexxvali.ImpAtTestParams"/>
  <testcase name="test5" time="0.001" classname="selenium.test.nexxvali.ImpAtTestParams"/>
  <testcase name="test5" time="0.000" classname="selenium.test.nexxvali.ImpAtTestParams"/>
  <testcase name="test5" time="0.001" classname="selenium.test.nexxvali.ImpAtTestParams"/>
  <testcase name="test5" time="0.001" classname="selenium.test.nexxvali.ImpAtTestParams"/>
  <testcase name="test5" time="0.001" classname="selenium.test.nexxvali.ImpAtTestParams"/>
  <testcase name="test5" time="0.001" classname="selenium.test.nexxvali.ImpAtTestParams"/>
  <testcase name="test5" time="0.001" classname="selenium.test.nexxvali.ImpAtTestParams"/>
  <testcase name="test5" time="0.001" classname="selenium.test.nexxvali.ImpAtTestParams"/>
  <testcase name="test5" time="0.004" classname="selenium.test.nexxvali.ImpAtTestParams"/>
  <testcase name="test5" time="0.001" classname="selenium.test.nexxvali.ImpAtTestParams"/>
  <testcase name="test5" time="0.009" classname="selenium.test.nexxvali.ImpAtTestParams"/>
  <testcase name="test5" time="0.000" classname="selenium.test.nexxvali.ImpAtTestParams"/>
  <testcase name="test5" time="0.000" classname="selenium.test.nexxvali.ImpAtTestParams"/>
  <testcase name="test5" time="0.001" classname="selenium.test.nexxvali.ImpAtTestParams"/>
  <testcase name="test5" time="0.011" classname="selenium.test.nexxvali.ImpAtTestParams"/>
  <testcase name="test5" time="0.002" classname="selenium.test.nexxvali.ImpAtTestParams"/>
  <testcase name="test5" time="0.001" classname="selenium.test.nexxvali.ImpAtTestParams"/>
  <testcase name="test5" time="0.001" classname="selenium.test.nexxvali.ImpAtTestParams"/>
  <testcase name="test5" time="0.001" classname="selenium.test.nexxvali.ImpAtTestParams"/>
  <testcase name="test5" time="0.001" classname="selenium.test.nexxvali.ImpAtTestParams"/>
  <testcase name="test5" time="0.001" classname="selenium.test.nexxvali.ImpAtTestParams"/>
  <testcase name="test5" time="0.000" classname="selenium.test.nexxvali.ImpAtTestParams"/>
  <testcase name="test5" time="0.001" classname="selenium.test.nexxvali.ImpAtTestParams"/>
  <testcase name="test5" time="0.001" classname="selenium.test.nexxvali.ImpAtTestParams"/>
  <testcase name="test5" time="0.000" classname="selenium.test.nexxvali.ImpAtTestParams"/>
  <testcase name="test5" time="0.001" classname="selenium.test.nexxvali.ImpAtTestParams"/>
  <testcase name="test5" time="0.000" classname="selenium.test.nexxvali.ImpAtTestParams"/>
  <testcase name="test5" time="0.001" classname="selenium.test.nexxvali.ImpAtTestParams"/>
  <testcase name="test5" time="0.002" classname="selenium.test.nexxvali.ImpAtTestParams"/>
  <testcase name="test5" time="0.000" classname="selenium.test.nexxvali.ImpAtTestParams"/>
  <testcase name="test5" time="0.000" classname="selenium.test.nexxvali.ImpAtTestParams"/>
  <testcase name="test5" time="0.001" classname="selenium.test.nexxvali.ImpAtTestParams"/>
  <testcase name="test5" time="0.000" classname="selenium.test.nexxvali.ImpAtTestParams"/>
  <testcase name="test5" time="0.000" classname="selenium.test.nexxvali.ImpAtTestParams"/>
  <testcase name="test5" time="0.001" classname="selenium.test.nexxvali.ImpAtTestParams"/>
  <testcase name="test5" time="0.001" classname="selenium.test.nexxvali.ImpAtTestParams"/>
  <testcase name="test5" time="0.000" classname="selenium.test.nexxvali.ImpAtTestParams"/>
  <testcase name="test5" time="0.000" classname="selenium.test.nexxvali.ImpAtTestParams"/>
  <testcase name="test5" time="0.001" classname="selenium.test.nexxvali.ImpAtTestParams"/>
  <testcase name="test5" time="0.000" classname="selenium.test.nexxvali.ImpAtTestParams"/>
  <testcase name="test5" time="0.001" classname="selenium.test.nexxvali.ImpAtTestParams"/>
  <testcase name="test5" time="0.005" classname="selenium.test.nexxvali.ImpAtTestParams"/>
  <testcase name="test5" time="0.001" classname="selenium.test.nexxvali.ImpAtTestParams"/>
  <testcase name="test5" time="0.001" classname="selenium.test.nexxvali.ImpAtTestParams"/>
  <testcase name="test5" time="0.000" classname="selenium.test.nexxvali.ImpAtTestParams"/>
  <testcase name="test5" time="0.001" classname="selenium.test.nexxvali.ImpAtTestParams"/>
  <testcase name="test5" time="0.000" classname="selenium.test.nexxvali.ImpAtTestParams"/>
  <testcase name="test5" time="0.001" classname="selenium.test.nexxvali.ImpAtTestParams"/>
  <testcase name="test5" time="0.001" classname="selenium.test.nexxvali.ImpAtTestParams"/>
  <testcase name="test5" time="0.004" classname="selenium.test.nexxvali.ImpAtTestParams"/>
  <testcase name="test5" time="0.001" classname="selenium.test.nexxvali.ImpAtTestParams"/>
  <testcase name="test5" time="0.001" classname="selenium.test.nexxvali.ImpAtTestParams"/>
  <testcase name="test5" time="0.000" classname="selenium.test.nexxvali.ImpAtTestParams"/>
  <testcase name="test5" time="0.001" classname="selenium.test.nexxvali.ImpAtTestParams"/>
  <testcase name="test5" time="0.028" classname="selenium.test.nexxvali.ImpAtTestParams"/>
  <testcase name="test5" time="0.001" classname="selenium.test.nexxvali.ImpAtTestParams"/>
  <testcase name="test5" time="0.000" classname="selenium.test.nexxvali.ImpAtTestParams"/>
  <testcase name="test5" time="0.000" classname="selenium.test.nexxvali.ImpAtTestParams"/>
  <testcase name="test5" time="0.000" classname="selenium.test.nexxvali.ImpAtTestParams"/>
  <testcase name="test1" time="0.035" classname="selenium.test.nexxvali.ImpAtTestParams"/>
  <testcase name="test5" time="0.000" classname="selenium.test.nexxvali.ImpAtTestParams"/>
  <testcase name="test5" time="0.001" classname="selenium.test.nexxvali.ImpAtTestParams"/>
  <testcase name="test5" time="0.001" classname="selenium.test.nexxvali.ImpAtTestParams"/>
  <testcase name="test5" time="0.001" classname="selenium.test.nexxvali.ImpAtTestParams"/>
  <testcase name="test5" time="0.001" classname="selenium.test.nexxvali.ImpAtTestParams"/>
  <testcase name="test5" time="0.000" classname="selenium.test.nexxvali.ImpAtTestParams"/>
  <testcase name="test5" time="0.001" classname="selenium.test.nexxvali.ImpAtTestParams"/>
  <testcase name="test5" time="0.004" classname="selenium.test.nexxvali.ImpAtTestParams"/>
  <testcase name="test5" time="0.000" classname="selenium.test.nexxvali.ImpAtTestParams"/>
  <testcase name="test5" time="0.002" classname="selenium.test.nexxvali.ImpAtTestParams"/>
  <testcase name="test5" time="0.001" classname="selenium.test.nexxvali.ImpAtTestParams"/>
  <testcase name="test5" time="0.001" classname="selenium.test.nexxvali.ImpAtTestParams"/>
  <testcase name="test5" time="0.003" classname="selenium.test.nexxvali.ImpAtTestParams"/>
  <testcase name="test5" time="0.001" classname="selenium.test.nexxvali.ImpAtTestParams"/>
  <testcase name="test5" time="0.000" classname="selenium.test.nexxvali.ImpAtTestParams"/>
  <testcase name="test5" time="0.001" classname="selenium.test.nexxvali.ImpAtTestParams"/>
  <testcase name="test5" time="0.000" classname="selenium.test.nexxvali.ImpAtTestParams"/>
  <testcase name="test5" time="0.000" classname="selenium.test.nexxvali.ImpAtTestParams"/>
  <testcase name="test5" time="0.000" classname="selenium.test.nexxvali.ImpAtTestParams"/>
  <testcase name="test5" time="0.000" classname="selenium.test.nexxvali.ImpAtTestParams"/>
  <testcase name="test5" time="0.001" classname="selenium.test.nexxvali.ImpAtTestParams"/>
  <testcase name="test5" time="0.001" classname="selenium.test.nexxvali.ImpAtTestParams"/>
  <testcase name="test5" time="0.000" classname="selenium.test.nexxvali.ImpAtTestParams"/>
  <testcase name="test5" time="0.000" classname="selenium.test.nexxvali.ImpAtTestParams"/>
  <testcase name="test5" time="0.001" classname="selenium.test.nexxvali.ImpAtTestParams"/>
  <testcase name="test5" time="0.003" classname="selenium.test.nexxvali.ImpAtTestParams"/>
  <testcase name="test5" time="0.001" classname="selenium.test.nexxvali.ImpAtTestParams"/>
  <testcase name="test5" time="0.001" classname="selenium.test.nexxvali.ImpAtTestParams"/>
  <testcase name="test5" time="0.002" classname="selenium.test.nexxvali.ImpAtTestParams"/>
  <testcase name="test5" time="0.000" classname="selenium.test.nexxvali.ImpAtTestParams"/>
  <testcase name="test5" time="0.000" classname="selenium.test.nexxvali.ImpAtTestParams"/>
  <testcase name="test5" time="0.002" classname="selenium.test.nexxvali.ImpAtTestParams"/>
  <testcase name="test5" time="0.000" classname="selenium.test.nexxvali.ImpAtTestParams"/>
  <testcase name="test5" time="0.000" classname="selenium.test.nexxvali.ImpAtTestParams"/>
  <testcase name="test5" time="0.001" classname="selenium.test.nexxvali.ImpAtTestParams"/>
  <testcase name="test5" time="0.000" classname="selenium.test.nexxvali.ImpAtTestParams"/>
  <testcase name="test5" time="0.016" classname="selenium.test.nexxvali.ImpAtTestParams"/>
  <testcase name="test5" time="0.001" classname="selenium.test.nexxvali.ImpAtTestParams"/>
  <testcase name="test5" time="0.000" classname="selenium.test.nexxvali.ImpAtTestParams"/>
  <testcase name="test5" time="0.001" classname="selenium.test.nexxvali.ImpAtTestParams"/>
  <testcase name="test5" time="0.000" classname="selenium.test.nexxvali.ImpAtTestParams"/>
  <testcase name="test5" time="0.000" classname="selenium.test.nexxvali.ImpAtTestParams"/>
  <testcase name="test5" time="0.000" classname="selenium.test.nexxvali.ImpAtTestParams"/>
  <testcase name="test5" time="0.000" classname="selenium.test.nexxvali.ImpAtTestParams"/>
  <testcase name="test5" time="0.000" classname="selenium.test.nexxvali.ImpAtTestParams"/>
  <testcase name="test5" time="0.000" classname="selenium.test.nexxvali.ImpAtTestParams"/>
  <testcase name="test5" time="0.000" classname="selenium.test.nexxvali.ImpAtTestParams"/>
  <testcase name="test5" time="0.000" classname="selenium.test.nexxvali.ImpAtTestParams"/>
  <testcase name="test5" time="0.000" classname="selenium.test.nexxvali.ImpAtTestParams"/>
  <testcase name="test5" time="0.000" classname="selenium.test.nexxvali.ImpAtTestParams"/>
  <testcase name="test5" time="0.000" classname="selenium.test.nexxvali.ImpAtTestParams"/>
  <testcase name="test5" time="0.001" classname="selenium.test.nexxvali.ImpAtTestParams"/>
  <testcase name="test5" time="0.000" classname="selenium.test.nexxvali.ImpAtTestParams"/>
  <testcase name="test5" time="0.001" classname="selenium.test.nexxvali.ImpAtTestParams"/>
  <testcase name="test5" time="0.000" classname="selenium.test.nexxvali.ImpAtTestParams"/>
  <testcase name="test5" time="0.000" classname="selenium.test.nexxvali.ImpAtTestParams"/>
  <testcase name="test5" time="0.005" classname="selenium.test.nexxvali.ImpAtTestParams"/>
  <testcase name="test5" time="0.001" classname="selenium.test.nexxvali.ImpAtTestParams"/>
  <testcase name="test5" time="0.001" classname="selenium.test.nexxvali.ImpAtTestParams"/>
  <testcase name="test5" time="0.000" classname="selenium.test.nexxvali.ImpAtTestParams"/>
  <testcase name="test5" time="0.000" classname="selenium.test.nexxvali.ImpAtTestParams"/>
  <testcase name="test5" time="0.001" classname="selenium.test.nexxvali.ImpAtTestParams"/>
  <testcase name="test5" time="0.001" classname="selenium.test.nexxvali.ImpAtTestParams"/>
  <testcase name="test5" time="0.001" classname="selenium.test.nexxvali.ImpAtTestParams"/>
  <testcase name="test5" time="0.001" classname="selenium.test.nexxvali.ImpAtTestParams"/>
  <testcase name="test5" time="0.000" classname="selenium.test.nexxvali.ImpAtTestParams"/>
  <testcase name="test5" time="0.001" classname="selenium.test.nexxvali.ImpAtTestParams"/>
  <testcase name="test5" time="0.001" classname="selenium.test.nexxvali.ImpAtTestParams"/>
  <testcase name="test5" time="0.000" classname="selenium.test.nexxvali.ImpAtTestParams"/>
  <testcase name="test5" time="0.001" classname="selenium.test.nexxvali.ImpAtTestParams"/>
  <testcase name="test5" time="0.000" classname="selenium.test.nexxvali.ImpAtTestParams"/>
  <testcase name="test5" time="0.003" classname="selenium.test.nexxvali.ImpAtTestParams"/>
  <testcase name="test5" time="0.000" classname="selenium.test.nexxvali.ImpAtTestParams"/>
  <testcase name="test5" time="0.000" classname="selenium.test.nexxvali.ImpAtTestParams"/>
  <testcase name="test5" time="0.001" classname="selenium.test.nexxvali.ImpAtTestParams"/>
  <testcase name="test5" time="0.001" classname="selenium.test.nexxvali.ImpAtTestParams"/>
  <testcase name="test5" time="0.001" classname="selenium.test.nexxvali.ImpAtTestParams"/>
  <testcase name="test5" time="0.001" classname="selenium.test.nexxvali.ImpAtTestParams"/>
  <testcase name="test5" time="0.001" classname="selenium.test.nexxvali.ImpAtTestParams"/>
  <testcase name="test5" time="0.000" classname="selenium.test.nexxvali.ImpAtTestParams"/>
  <testcase name="test5" time="0.000" classname="selenium.test.nexxvali.ImpAtTestParams"/>
  <testcase name="test5" time="0.001" classname="selenium.test.nexxvali.ImpAtTestParams"/>
  <testcase name="test5" time="0.000" classname="selenium.test.nexxvali.ImpAtTestParams"/>
  <testcase name="test5" time="0.001" classname="selenium.test.nexxvali.ImpAtTestParams"/>
  <testcase name="test5" time="0.000" classname="selenium.test.nexxvali.ImpAtTestParams"/>
  <testcase name="test5" time="0.006" classname="selenium.test.nexxvali.ImpAtTestParams"/>
  <testcase name="test5" time="0.001" classname="selenium.test.nexxvali.ImpAtTestParams"/>
  <testcase name="test5" time="0.000" classname="selenium.test.nexxvali.ImpAtTestParams"/>
  <testcase name="test5" time="0.001" classname="selenium.test.nexxvali.ImpAtTestParams"/>
  <testcase name="test5" time="0.002" classname="selenium.test.nexxvali.ImpAtTestParams"/>
  <testcase name="test5" time="0.001" classname="selenium.test.nexxvali.ImpAtTestParams"/>
  <testcase name="test5" time="0.004" classname="selenium.test.nexxvali.ImpAtTestParams"/>
  <testcase name="test5" time="0.000" classname="selenium.test.nexxvali.ImpAtTestParams"/>
  <testcase name="test5" time="0.001" classname="selenium.test.nexxvali.ImpAtTestParams"/>
  <testcase name="test5" time="0.000" classname="selenium.test.nexxvali.ImpAtTestParams"/>
  <testcase name="test5" time="0.001" classname="selenium.test.nexxvali.ImpAtTestParams"/>
  <testcase name="test5" time="0.001" classname="selenium.test.nexxvali.ImpAtTestParams"/>
  <testcase name="test5" time="0.001" classname="selenium.test.nexxvali.ImpAtTestParams"/>
  <testcase name="test5" time="0.004" classname="selenium.test.nexxvali.ImpAtTestParams"/>
  <testcase name="test5" time="0.001" classname="selenium.test.nexxvali.ImpAtTestParams"/>
  <testcase name="test5" time="0.000" classname="selenium.test.nexxvali.ImpAtTestParams"/>
  <testcase name="test5" time="0.000" classname="selenium.test.nexxvali.ImpAtTestParams"/>
  <testcase name="test5" time="0.000" classname="selenium.test.nexxvali.ImpAtTestParams"/>
  <testcase name="test5" time="0.002" classname="selenium.test.nexxvali.ImpAtTestParams"/>
  <testcase name="test5" time="0.001" classname="selenium.test.nexxvali.ImpAtTestParams"/>
  <testcase name="test4" classname="selenium.test.nexxvali.ImpAtTestParams">
    <skipped/>
  </testcase> <!-- test4 -->
</testsuite> <!-- selenium.test.nexxvali.ImpAtTestParams -->
