<?xml version="1.0" encoding="UTF-8"?>
<!-- Generated by org.testng.reporters.JUnitReportReporter -->
<testsuite skipped="0" hostname="Syeds-Air.attlocal.net" name="selenium.test.nexxvali.FunWithTestNgAnnoPropFile" tests="2" failures="0" timestamp="14 Apr 2022 19:57:46 GMT" time="7.972" errors="0">
  <testcase name="goToURL" time="6.355" classname="selenium.test.nexxvali.FunWithTestNgAnnoPropFile"/>
  <testcase name="clickOnAboutUs" time="1.617" classname="selenium.test.nexxvali.FunWithTestNgAnnoPropFile"/>
</testsuite> <!-- selenium.test.nexxvali.FunWithTestNgAnnoPropFile -->
