<?xml version="1.0" encoding="UTF-8"?>
<!-- Generated by org.testng.reporters.JUnitReportReporter -->
<testsuite skipped="0" hostname="Syeds-Air.attlocal.net" name="selenium.test.nexxvali.PerformActionClass" tests="1" failures="0" timestamp="14 Apr 2022 19:57:46 GMT" time="18.658" errors="0">
  <testcase name="scrollDownAndUp" time="18.658" classname="selenium.test.nexxvali.PerformActionClass"/>
</testsuite> <!-- selenium.test.nexxvali.PerformActionClass -->
