<?xml version="1.0" encoding="UTF-8"?>
<!-- Generated by org.testng.reporters.JUnitReportReporter -->
<testsuite skipped="0" hostname="Syeds-Air.attlocal.net" name="selenium.test.nexxvali.ScrollUpDown" tests="1" failures="0" timestamp="06 Apr 2022 21:43:43 GMT" time="20.676" errors="0">
  <testcase name="scrollDownAndUp" time="20.676" classname="selenium.test.nexxvali.ScrollUpDown"/>
</testsuite> <!-- selenium.test.nexxvali.ScrollUpDown -->
